Jan 04, 2024 3:11:56 PM Util.LogHandler log
SEVERE: Incoming parameter position [0] is less than base [1]
Jan 04, 2024 3:16:16 PM Util.LogHandler log
SEVERE: No argument for ordinal parameter '?2'
Jan 04, 2024 3:17:30 PM Util.LogHandler log
SEVERE: No argument for ordinal parameter '?2'
Jan 04, 2024 3:18:43 PM Util.LogHandler log
SEVERE: No argument for ordinal parameter '?2'
Jan 04, 2024 3:19:17 PM Util.LogHandler log
SEVERE: No argument for ordinal parameter '?2'
Jan 04, 2024 3:20:15 PM Util.LogHandler log
SEVERE: No argument for ordinal parameter '?2'
Jan 04, 2024 3:21:17 PM Util.LogHandler log
SEVERE: No argument for ordinal parameter '?2'
Jan 04, 2024 3:30:19 PM Util.LogHandler log
SEVERE: No argument for ordinal parameter '?1'
ene 04, 2024 7:21:50 P. M. Util.LogHandler log
SEVERE: No argument for ordinal parameter '?1'
ene 04, 2024 7:25:21 P. M. Util.LogHandler log
SEVERE: Cannot instantiate query result type 'Entities.Usuarios.Usuario' due to: null
ene 04, 2024 10:09:21 P. M. Util.LogHandler log
SEVERE: No argument for ordinal parameter '?1'
ene 04, 2024 10:09:37 P. M. Util.LogHandler log
SEVERE: No argument for ordinal parameter '?1'
ene 04, 2024 10:10:07 P. M. Util.LogHandler log
SEVERE: No argument for ordinal parameter '?1'
ene 04, 2024 10:13:18 P. M. Util.LogHandler log
SEVERE: No argument for ordinal parameter '?1'
ene 04, 2024 10:14:12 P. M. Util.LogHandler log
SEVERE: No argument for ordinal parameter '?1'
ene 04, 2024 10:23:48 P. M. Util.LogHandler log
SEVERE: No argument for ordinal parameter '?1'
ene 04, 2024 10:25:21 P. M. Util.LogHandler log
SEVERE: No argument for ordinal parameter '?1'
ene 04, 2024 10:30:33 P. M. Util.LogHandler log
SEVERE: No argument for ordinal parameter '?1'
